depth: 1
depth: 2
北京南-G28-黄山北
北京南-G27-黄山北
北京南-G265-黄山北
北京南-G270-黄山北
北京南-G301-黄山北
北京南-G302-黄山北
北京南-G303-黄山北
北京南-G304-黄山北
北京南-G322-黄山北
北京南-G323-黄山北
北京南-G324-黄山北
北京南-G325-黄山北
北京南-G355-黄山北
北京南-G352-黄山北
北京南-G351-黄山北
北京南-G356-黄山北
depth: 2
济南西-G28-黄山北
济南西-G27-黄山北
济南西-G265-黄山北
济南西-G270-黄山北
济南西-G301-黄山北
济南西-G302-黄山北
济南西-G303-黄山北
济南西-G304-黄山北
济南西-G322-黄山北
济南西-G323-黄山北
济南西-G324-黄山北
济南西-G325-黄山北
济南西-G329-黄山北
济南西-G330-黄山北
济南西-G345-黄山北
济南西-G348-黄山北
济南西-G355-黄山北
济南西-G352-黄山北
济南西-G351-黄山北
depth: 2
depth: 2
上海虹桥-G1507-黄山北
上海虹桥-G1509-黄山北
上海虹桥-G1509-黄山北
上海虹桥-G1507-黄山北
上海虹桥-G1519-黄山北
上海虹桥-G1517-黄山北
上海虹桥-G1519-黄山北
上海虹桥-G1517-黄山北
depth: 2
depth: 2
徐州东-G244-黄山北
徐州东-G242-黄山北
徐州东-G244-黄山北
徐州东-G242-黄山北
徐州东-G265-黄山北
徐州东-G270-黄山北
徐州东-G301-黄山北
徐州东-G302-黄山北
徐州东-G303-黄山北
徐州东-G304-黄山北
徐州东-G322-黄山北
徐州东-G323-黄山北
徐州东-G324-黄山北
徐州东-G325-黄山北
徐州东-G329-黄山北
徐州东-G330-黄山北
徐州东-G345-黄山北
徐州东-G348-黄山北
徐州东-G355-黄山北
徐州东-G352-黄山北
徐州东-G351-黄山北
徐州东-G356-黄山北
徐州东-G1669-黄山北
徐州东-G1670-黄山北
徐州东-G1904-黄山北
徐州东-G1902-黄山北
徐州东-G1904-黄山北
徐州东-G1902-黄山北
徐州东-G1906-黄山北
徐州东-G1906-黄山北
徐州东-G1908-黄山北
徐州东-G1908-黄山北
depth: 2
廊坊-G302-黄山北
廊坊-G303-黄山北
廊坊-G323-黄山北
廊坊-G352-黄山北
廊坊-G356-黄山北
depth: 2
天津南-G28-黄山北
天津南-G265-黄山北
天津南-G301-黄山北
天津南-G303-黄山北
天津南-G304-黄山北
天津南-G324-黄山北
天津南-G325-黄山北
depth: 2
杭州东-G1507-黄山北
杭州东-G1509-黄山北
杭州东-G1509-黄山北
杭州东-G1507-黄山北
杭州东-G1519-黄山北
杭州东-G1517-黄山北
杭州东-G1519-黄山北
杭州东-G1517-黄山北
depth: 2
depth: 2
蚌埠南-G242-黄山北
蚌埠南-G242-黄山北
蚌埠南-G265-黄山北
蚌埠南-G270-黄山北
蚌埠南-G301-黄山北
蚌埠南-G302-黄山北
蚌埠南-G303-黄山北
蚌埠南-G304-黄山北
蚌埠南-G323-黄山北
蚌埠南-G324-黄山北
蚌埠南-G325-黄山北
蚌埠南-G330-黄山北
蚌埠南-G345-黄山北
蚌埠南-G348-黄山北
蚌埠南-G355-黄山北
蚌埠南-G352-黄山北
蚌埠南-G351-黄山北
蚌埠南-G356-黄山北
蚌埠南-G1669-黄山北
蚌埠南-G1670-黄山北
蚌埠南-G1904-黄山北
蚌埠南-G1902-黄山北
蚌埠南-G1904-黄山北
蚌埠南-G1902-黄山北
蚌埠南-G1906-黄山北
蚌埠南-G1906-黄山北
蚌埠南-G7403-黄山北
蚌埠南-G7405-黄山北
蚌埠南-G7402-黄山北
蚌埠南-G7406-黄山北
蚌埠南-G7408-黄山北
蚌埠南-G1908-黄山北
蚌埠南-G1908-黄山北
depth: 2
depth: 2
depth: 2
曲阜东-G244-黄山北
曲阜东-G242-黄山北
曲阜东-G244-黄山北
曲阜东-G242-黄山北
曲阜东-G270-黄山北
曲阜东-G301-黄山北
曲阜东-G303-黄山北
曲阜东-G329-黄山北
曲阜东-G330-黄山北
曲阜东-G345-黄山北
曲阜东-G348-黄山北
曲阜东-G355-黄山北
曲阜东-G352-黄山北
曲阜东-G356-黄山北
depth: 2
泰安-G244-黄山北
泰安-G242-黄山北
泰安-G244-黄山北
泰安-G242-黄山北
泰安-G302-黄山北
泰安-G303-黄山北
泰安-G304-黄山北
泰安-G323-黄山北
泰安-G345-黄山北
泰安-G348-黄山北
泰安-G356-黄山北
depth: 2
滕州东-G242-黄山北
滕州东-G242-黄山北
滕州东-G322-黄山北
滕州东-G323-黄山北
滕州东-G324-黄山北
滕州东-G330-黄山北
滕州东-G348-黄山北
depth: 2
depth: 2
depth: 2
depth: 2
depth: 2
宿州东-G244-黄山北
宿州东-G244-黄山北
宿州东-G304-黄山北
宿州东-G322-黄山北
宿州东-G324-黄山北
宿州东-G325-黄山北
宿州东-G330-黄山北
宿州东-G345-黄山北
宿州东-G348-黄山北
宿州东-G1669-黄山北
宿州东-G1904-黄山北
宿州东-G1904-黄山北
宿州东-G1908-黄山北
宿州东-G1908-黄山北
depth: 2
德州东-G27-黄山北
德州东-G301-黄山北
德州东-G304-黄山北
德州东-G325-黄山北
德州东-G330-黄山北
德州东-G355-黄山北
德州东-G352-黄山北
德州东-G351-黄山北
德州东-G356-黄山北
depth: 2
depth: 2
义乌-G1507-黄山北
义乌-G1509-黄山北
义乌-G1509-黄山北
义乌-G1507-黄山北
义乌-G1519-黄山北
义乌-G1517-黄山北
义乌-G1519-黄山北
义乌-G1517-黄山北
depth: 2
金华-G1507-黄山北
金华-G1509-黄山北
金华-G1509-黄山北
金华-G1507-黄山北
金华-G1519-黄山北
金华-G1517-黄山北
金华-G1519-黄山北
金华-G1517-黄山北
depth: 2
衢州-G1509-黄山北
衢州-G1509-黄山北
depth: 2
玉山南-G1507-黄山北
玉山南-G1509-黄山北
玉山南-G1509-黄山北
玉山南-G1507-黄山北
玉山南-G1519-黄山北
玉山南-G1517-黄山北
玉山南-G1519-黄山北
玉山南-G1517-黄山北
depth: 2
上饶-G28-黄山北
上饶-G27-黄山北
上饶-G244-黄山北
上饶-G242-黄山北
上饶-G244-黄山北
上饶-G242-黄山北
上饶-G301-黄山北
上饶-G302-黄山北
上饶-G303-黄山北
上饶-G304-黄山北
上饶-G322-黄山北
上饶-G323-黄山北
上饶-G324-黄山北
上饶-G325-黄山北
上饶-G329-黄山北
上饶-G330-黄山北
上饶-G345-黄山北
上饶-G348-黄山北
上饶-G355-黄山北
上饶-G356-黄山北
上饶-G635-黄山北
上饶-G636-黄山北
上饶-G1397-黄山北
上饶-G1398-黄山北
上饶-G1507-黄山北
上饶-G1509-黄山北
上饶-G1509-黄山北
上饶-G1507-黄山北
上饶-G1519-黄山北
上饶-G1517-黄山北
上饶-G1519-黄山北
上饶-G1517-黄山北
上饶-G1601-黄山北
上饶-G1602-黄山北
上饶-G1611-黄山北
上饶-G1612-黄山北
上饶-G1620-黄山北
上饶-G1619-黄山北
上饶-G1621-黄山北
上饶-G1624-黄山北
上饶-G1669-黄山北
上饶-G1670-黄山北
上饶-G1904-黄山北
上饶-G1902-黄山北
上饶-G1904-黄山北
上饶-G1902-黄山北
上饶-G1906-黄山北
上饶-G1906-黄山北
上饶-G1908-黄山北
上饶-G1908-黄山北
depth: 2
鹰潭北-G635-黄山北
鹰潭北-G636-黄山北
鹰潭北-G1398-黄山北
鹰潭北-G1620-黄山北
鹰潭北-G1619-黄山北
depth: 2
进贤南-G635-黄山北
进贤南-G1397-黄山北
进贤南-G1620-黄山北
depth: 2
南昌西-G635-黄山北
南昌西-G636-黄山北
南昌西-G1397-黄山北
南昌西-G1398-黄山北
南昌西-G1620-黄山北
南昌西-G1619-黄山北
depth: 2
depth: 2
depth: 2
沧州西-G270-黄山北
沧州西-G302-黄山北
沧州西-G322-黄山北
沧州西-G323-黄山北
沧州西-G329-黄山北
沧州西-G355-黄山北
沧州西-G352-黄山北
沧州西-G351-黄山北
沧州西-G356-黄山北
depth: 2
depth: 2
depth: 2
诸暨-G1519-黄山北
诸暨-G1519-黄山北
depth: 2
枣庄-G244-黄山北
枣庄-G244-黄山北
枣庄-G270-黄山北
枣庄-G301-黄山北
枣庄-G302-黄山北
枣庄-G304-黄山北
枣庄-G329-黄山北
枣庄-G345-黄山北
depth: 2
嘉兴南-G1507-黄山北
嘉兴南-G1509-黄山北
嘉兴南-G1509-黄山北
嘉兴南-G1507-黄山北
嘉兴南-G1517-黄山北
嘉兴南-G1517-黄山北
depth: 2
嘉善南-G1519-黄山北
嘉善南-G1519-黄山北
depth: 2
桐乡-G1519-黄山北
桐乡-G1519-黄山北
depth: 2
depth: 2
龙游-G1517-黄山北
龙游-G1517-黄山北
depth: 2
depth: 2
天津西-G329-黄山北
天津西-G330-黄山北
depth: 2
depth: 2
depth: 2
depth: 2
depth: 2
depth: 2
depth: 2
depth: 2
depth: 2
depth: 2
depth: 2
depth: 2
福州-G28-黄山北
福州-G27-黄山北
福州-G244-黄山北
福州-G242-黄山北
福州-G244-黄山北
福州-G242-黄山北
福州-G301-黄山北
福州-G302-黄山北
福州-G303-黄山北
福州-G304-黄山北
福州-G322-黄山北
福州-G323-黄山北
福州-G324-黄山北
福州-G325-黄山北
福州-G329-黄山北
福州-G330-黄山北
福州-G345-黄山北
福州-G348-黄山北
福州-G355-黄山北
福州-G356-黄山北
福州-G1601-黄山北
福州-G1602-黄山北
福州-G1611-黄山北
福州-G1612-黄山北
福州-G1621-黄山北
福州-G1624-黄山北
福州-G1669-黄山北
福州-G1670-黄山北
福州-G1904-黄山北
福州-G1902-黄山北
福州-G1904-黄山北
福州-G1902-黄山北
福州-G1906-黄山北
福州-G1906-黄山北
福州-G1908-黄山北
福州-G1908-黄山北
depth: 2
济南-G244-黄山北
济南-G242-黄山北
济南-G244-黄山北
济南-G242-黄山北
depth: 2
depth: 2
depth: 2
depth: 2
depth: 2
depth: 2
depth: 2
depth: 2
depth: 2
depth: 2
depth: 2
depth: 2
depth: 2
depth: 2
depth: 2
depth: 2
depth: 2
青岛-G244-黄山北
青岛-G242-黄山北
青岛-G244-黄山北
青岛-G242-黄山北
depth: 2
青岛北-G242-黄山北
青岛北-G242-黄山北
depth: 2
潍坊-G244-黄山北
潍坊-G242-黄山北
潍坊-G244-黄山北
潍坊-G242-黄山北
depth: 2
青州市-G244-黄山北
青州市-G244-黄山北
depth: 2
淄博-G244-黄山北
淄博-G242-黄山北
淄博-G244-黄山北
淄博-G242-黄山北
depth: 2
depth: 2
高密-G244-黄山北
高密-G244-黄山北
depth: 2
depth: 2
郑州东-G1904-黄山北
郑州东-G1902-黄山北
郑州东-G1904-黄山北
郑州东-G1902-黄山北
郑州东-G1906-黄山北
郑州东-G1906-黄山北
郑州东-G1908-黄山北
郑州东-G1908-黄山北
depth: 2
西安北-G1904-黄山北
西安北-G1902-黄山北
西安北-G1904-黄山北
西安北-G1902-黄山北
depth: 2
depth: 2
商丘-G1904-黄山北
商丘-G1902-黄山北
商丘-G1904-黄山北
商丘-G1902-黄山北
商丘-G1906-黄山北
商丘-G1906-黄山北
商丘-G1908-黄山北
商丘-G1908-黄山北
depth: 2
depth: 2
depth: 2
depth: 2
depth: 2
depth: 2
depth: 2
depth: 2
depth: 2
depth: 2
depth: 2
depth: 2
长沙南-G635-黄山北
长沙南-G636-黄山北
长沙南-G1397-黄山北
长沙南-G1398-黄山北
depth: 2
depth: 2
depth: 2
depth: 2
合肥南-G28-黄山北
合肥南-G27-黄山北
合肥南-G244-黄山北
合肥南-G242-黄山北
合肥南-G244-黄山北
合肥南-G242-黄山北
合肥南-G265-黄山北
合肥南-G270-黄山北
合肥南-G301-黄山北
合肥南-G302-黄山北
合肥南-G303-黄山北
合肥南-G304-黄山北
合肥南-G322-黄山北
合肥南-G323-黄山北
合肥南-G324-黄山北
合肥南-G325-黄山北
合肥南-G329-黄山北
合肥南-G330-黄山北
合肥南-G345-黄山北
合肥南-G348-黄山北
合肥南-G355-黄山北
合肥南-G352-黄山北
合肥南-G351-黄山北
合肥南-G356-黄山北
合肥南-G635-黄山北
合肥南-G636-黄山北
合肥南-G1397-黄山北
合肥南-G1398-黄山北
合肥南-G1601-黄山北
合肥南-G1602-黄山北
合肥南-G1611-黄山北
合肥南-G1612-黄山北
合肥南-G1620-黄山北
合肥南-G1619-黄山北
合肥南-G1621-黄山北
合肥南-G1624-黄山北
合肥南-G1669-黄山北
合肥南-G1670-黄山北
合肥南-G1904-黄山北
合肥南-G1902-黄山北
合肥南-G1904-黄山北
合肥南-G1902-黄山北
合肥南-G1906-黄山北
合肥南-G1906-黄山北
合肥南-G7403-黄山北
合肥南-G7405-黄山北
合肥南-G7401-黄山北
合肥南-G7402-黄山北
合肥南-G7406-黄山北
合肥南-G7408-黄山北
合肥南-G7413-黄山北
合肥南-G7414-黄山北
合肥南-G7416-黄山北
合肥南-G7417-黄山北
合肥南-G7421-黄山北
合肥南-G7418-黄山北
合肥南-G7419-黄山北
合肥南-G7420-黄山北
合肥南-G1908-黄山北
合肥南-G1908-黄山北
depth: 2
depth: 2
depth: 2
depth: 2
depth: 2
depth: 2
depth: 2
depth: 2
depth: 2
衡阳东-G635-黄山北
衡阳东-G636-黄山北
depth: 2
郴州西-G636-黄山北
depth: 2
depth: 2
广州南-G635-黄山北
广州南-G636-黄山北
depth: 2
depth: 2
depth: 2
depth: 2
depth: 2
depth: 2
depth: 2
depth: 2
depth: 2
depth: 2
depth: 2
depth: 2
depth: 2
depth: 2
depth: 2
depth: 2
depth: 2
depth: 2
depth: 2
depth: 2
depth: 2
depth: 2
depth: 2
depth: 2
depth: 2
depth: 2
depth: 2
depth: 2
海宁西-G1509-黄山北
海宁西-G1509-黄山北
depth: 2
depth: 2
depth: 2
depth: 2
depth: 2
depth: 2
depth: 2
depth: 2
depth: 2
depth: 2
depth: 2
depth: 2
depth: 2
depth: 2
宜春-G635-黄山北
宜春-G636-黄山北
depth: 2
萍乡北-G1397-黄山北
萍乡北-G1398-黄山北
depth: 2
depth: 2
娄底南-G1397-黄山北
娄底南-G1398-黄山北
depth: 2
邵阳北-G1398-黄山北
depth: 2
怀化南-G1397-黄山北
怀化南-G1398-黄山北
depth: 2
芷江-G1397-黄山北
芷江-G1398-黄山北
depth: 2
铜仁南-G1397-黄山北
铜仁南-G1398-黄山北
depth: 2
depth: 2
凯里南-G1397-黄山北
凯里南-G1398-黄山北
depth: 2
贵阳北-G1397-黄山北
贵阳北-G1398-黄山北
depth: 2
安顺西-G1397-黄山北
安顺西-G1398-黄山北
depth: 2
depth: 2
盘州-G1397-黄山北
depth: 2
曲靖北-G1397-黄山北
曲靖北-G1398-黄山北
depth: 2
昆明南-G1397-黄山北
昆明南-G1398-黄山北
depth: 2
depth: 2
醴陵东-G636-黄山北
depth: 2
新余北-G635-黄山北
新余北-G636-黄山北
新余北-G1397-黄山北
新余北-G1398-黄山北
depth: 2
depth: 2
新化南-G1397-黄山北
depth: 2
湘潭北-G1397-黄山北
depth: 2
弋阳-G1620-黄山北
depth: 2
depth: 2
depth: 2
depth: 2
depth: 2
depth: 2
depth: 2
depth: 2
depth: 2
depth: 2
depth: 2
depth: 2
depth: 2
depth: 2
漳州-G1601-黄山北
漳州-G1602-黄山北
depth: 2
厦门北-G244-黄山北
厦门北-G242-黄山北
厦门北-G244-黄山北
厦门北-G242-黄山北
厦门北-G322-黄山北
厦门北-G323-黄山北
厦门北-G324-黄山北
厦门北-G325-黄山北
厦门北-G355-黄山北
厦门北-G356-黄山北
厦门北-G1601-黄山北
厦门北-G1602-黄山北
厦门北-G1611-黄山北
厦门北-G1612-黄山北
厦门北-G1669-黄山北
厦门北-G1670-黄山北
depth: 2
泉州-G244-黄山北
泉州-G242-黄山北
泉州-G244-黄山北
泉州-G242-黄山北
泉州-G323-黄山北
泉州-G324-黄山北
泉州-G355-黄山北
泉州-G356-黄山北
泉州-G1601-黄山北
泉州-G1602-黄山北
泉州-G1611-黄山北
泉州-G1612-黄山北
泉州-G1669-黄山北
泉州-G1670-黄山北
depth: 2
莆田-G244-黄山北
莆田-G244-黄山北
莆田-G322-黄山北
莆田-G323-黄山北
莆田-G324-黄山北
莆田-G325-黄山北
莆田-G355-黄山北
莆田-G356-黄山北
莆田-G1601-黄山北
莆田-G1611-黄山北
莆田-G1612-黄山北
莆田-G1669-黄山北
depth: 2
福州南-G323-黄山北
福州南-G325-黄山北
福州南-G1602-黄山北
福州南-G1612-黄山北
福州南-G1670-黄山北
depth: 2
南平北-G244-黄山北
南平北-G242-黄山北
南平北-G244-黄山北
南平北-G242-黄山北
南平北-G301-黄山北
南平北-G302-黄山北
南平北-G303-黄山北
南平北-G304-黄山北
南平北-G323-黄山北
南平北-G329-黄山北
南平北-G330-黄山北
南平北-G1601-黄山北
南平北-G1602-黄山北
南平北-G1611-黄山北
南平北-G1612-黄山北
南平北-G1621-黄山北
南平北-G1624-黄山北
南平北-G1669-黄山北
南平北-G1670-黄山北
南平北-G1904-黄山北
南平北-G1902-黄山北
南平北-G1904-黄山北
南平北-G1902-黄山北
南平北-G1906-黄山北
南平北-G1906-黄山北
南平北-G1908-黄山北
南平北-G1908-黄山北
depth: 2
武夷山东-G28-黄山北
武夷山东-G27-黄山北
武夷山东-G244-黄山北
武夷山东-G242-黄山北
武夷山东-G244-黄山北
武夷山东-G242-黄山北
武夷山东-G303-黄山北
武夷山东-G322-黄山北
武夷山东-G323-黄山北
武夷山东-G324-黄山北
武夷山东-G325-黄山北
武夷山东-G329-黄山北
武夷山东-G355-黄山北
武夷山东-G356-黄山北
武夷山东-G1602-黄山北
武夷山东-G1611-黄山北
武夷山东-G1612-黄山北
武夷山东-G1670-黄山北
武夷山东-G1904-黄山北
武夷山东-G1902-黄山北
武夷山东-G1904-黄山北
武夷山东-G1902-黄山北
武夷山东-G1906-黄山北
武夷山东-G1906-黄山北
武夷山东-G1908-黄山北
武夷山东-G1908-黄山北
depth: 2
闽清北-G322-黄山北
闽清北-G325-黄山北
闽清北-G345-黄山北
闽清北-G1611-黄山北
闽清北-G1612-黄山北
闽清北-G1624-黄山北
闽清北-G1902-黄山北
闽清北-G1902-黄山北
depth: 2
仙游-G322-黄山北
仙游-G325-黄山北
仙游-G356-黄山北
depth: 2
福清-G322-黄山北
福清-G323-黄山北
福清-G324-黄山北
福清-G355-黄山北
福清-G356-黄山北
福清-G1602-黄山北
福清-G1611-黄山北
depth: 2
古田北-G323-黄山北
古田北-G324-黄山北
古田北-G325-黄山北
古田北-G330-黄山北
古田北-G348-黄山北
古田北-G355-黄山北
古田北-G356-黄山北
古田北-G1601-黄山北
古田北-G1612-黄山北
古田北-G1669-黄山北
古田北-G1908-黄山北
古田北-G1908-黄山北
depth: 2
五府山-G355-黄山北
五府山-G1624-黄山北
depth: 2
晋江-G242-黄山北
晋江-G242-黄山北
晋江-G322-黄山北
晋江-G324-黄山北
晋江-G1612-黄山北
晋江-G1670-黄山北
depth: 2
武夷山北-G301-黄山北
武夷山北-G302-黄山北
武夷山北-G304-黄山北
武夷山北-G330-黄山北
武夷山北-G345-黄山北
武夷山北-G348-黄山北
武夷山北-G1601-黄山北
武夷山北-G1612-黄山北
武夷山北-G1621-黄山北
武夷山北-G1624-黄山北
武夷山北-G1669-黄山北
武夷山北-G1670-黄山北
武夷山北-G1904-黄山北
武夷山北-G1904-黄山北
武夷山北-G1908-黄山北
武夷山北-G1908-黄山北
depth: 2
韶关-G636-黄山北
depth: 2
兰考南-G1902-黄山北
兰考南-G1902-黄山北
兰考南-G1908-黄山北
兰考南-G1908-黄山北
depth: 2
民权北-G1904-黄山北
民权北-G1902-黄山北
民权北-G1904-黄山北
民权北-G1902-黄山北
depth: 2
砀山南-G1902-黄山北
砀山南-G1902-黄山北
砀山南-G1908-黄山北
砀山南-G1908-黄山北
depth: 2
萧县北-G1904-黄山北
萧县北-G1904-黄山北
萧县北-G1908-黄山北
萧县北-G1908-黄山北
depth: 2
开封北-G1906-黄山北
开封北-G1906-黄山北
depth: 2
depth: 2
depth: 2
洛阳龙门-G1904-黄山北
洛阳龙门-G1902-黄山北
洛阳龙门-G1904-黄山北
洛阳龙门-G1902-黄山北
depth: 2
depth: 2
depth: 2
depth: 2
depth: 2
depth: 2
depth: 2
depth: 2
depth: 2
depth: 2
depth: 2
depth: 2
depth: 2
depth: 2
灵宝西-G1904-黄山北
灵宝西-G1902-黄山北
灵宝西-G1904-黄山北
灵宝西-G1902-黄山北
depth: 2
depth: 2
depth: 2
depth: 2
depth: 2
depth: 2
depth: 2
depth: 2
depth: 2
depth: 2
depth: 2
depth: 2
depth: 2
depth: 2
depth: 2
depth: 2
depth: 2
depth: 2
depth: 2
depth: 2
depth: 2
depth: 2
depth: 2
depth: 2
depth: 2
depth: 2
depth: 2
depth: 2
depth: 2
depth: 2
depth: 2
depth: 2
depth: 2
depth: 2
depth: 2
depth: 2
depth: 2
depth: 2
depth: 2
depth: 2
depth: 2
depth: 2
depth: 2
depth: 2
淮南东-G244-黄山北
淮南东-G242-黄山北
淮南东-G244-黄山北
淮南东-G242-黄山北
淮南东-G265-黄山北
淮南东-G270-黄山北
淮南东-G304-黄山北
淮南东-G325-黄山北
淮南东-G329-黄山北
淮南东-G330-黄山北
淮南东-G355-黄山北
淮南东-G356-黄山北
淮南东-G1670-黄山北
淮南东-G1904-黄山北
淮南东-G1902-黄山北
淮南东-G1904-黄山北
淮南东-G1902-黄山北
淮南东-G1906-黄山北
淮南东-G1906-黄山北
淮南东-G7403-黄山北
淮南东-G7402-黄山北
淮南东-G7406-黄山北
淮南东-G7408-黄山北
淮南东-G1908-黄山北
淮南东-G1908-黄山北
depth: 2
水家湖-G244-黄山北
水家湖-G244-黄山北
水家湖-G301-黄山北
水家湖-G302-黄山北
水家湖-G303-黄山北
水家湖-G323-黄山北
水家湖-G324-黄山北
水家湖-G345-黄山北
水家湖-G356-黄山北
水家湖-G1669-黄山北
水家湖-G1904-黄山北
水家湖-G1902-黄山北
水家湖-G1904-黄山北
水家湖-G1902-黄山北
水家湖-G7405-黄山北
水家湖-G7402-黄山北
水家湖-G7408-黄山北
水家湖-G1908-黄山北
水家湖-G1908-黄山北
depth: 2
depth: 2
depth: 2
depth: 2
depth: 2
余杭-G1517-黄山北
余杭-G1517-黄山北
depth: 2
depth: 2
depth: 2
depth: 2
depth: 2
None
